<?xml version="1.0" encoding="UTF-8"?>
<!-- Generated by org.testng.reporters.JUnitXMLReporter -->
<testsuite ignored="1" hostname="DESKTOP-69GDTQP" failures="0" tests="1" name="Default test" time="13.189" errors="0" timestamp="2024-08-07T07:48:55 IST">
  <testcase classname="com.hrm.testcases.LoginTest" name="validateLogin" time="0.065"/>
  <testcase classname="com.hrm.testcases.LoginTest" name="validateLoginTest" time="0.0">
    <ignored/>
  </testcase> <!-- validateLoginTest -->
</testsuite> <!-- Default test -->
