<?xml version="1.0" encoding="UTF-8"?>
<testng-results ignored="1" total="2" passed="1" failed="0" skipped="0">
  <reporter-output>
  </reporter-output>
  <suite started-at="2024-08-07T07:48:42 IST" name="Default suite" finished-at="2024-08-07T07:48:55 IST" duration-ms="13189">
    <groups>
    </groups>
    <test started-at="2024-08-07T07:48:42 IST" name="Default test" finished-at="2024-08-07T07:48:55 IST" duration-ms="13189">
      <class name="com.hrm.testcases.LoginTest">
        <test-method is-config="true" signature="beforeSuite()[pri:0, instance:com.hrm.testcases.LoginTest@623e088f]" started-at="2024-08-07T07:48:42 IST" name="beforeSuite" finished-at="2024-08-07T07:48:42 IST" duration-ms="13" status="PASS">
          <reporter-output>
          </reporter-output>
        </test-method> <!-- beforeSuite -->
        <test-method is-config="true" signature="beforeMethod(java.lang.reflect.Method)[pri:0, instance:com.hrm.testcases.LoginTest@623e088f]" started-at="2024-08-07T07:48:42 IST" name="beforeMethod" finished-at="2024-08-07T07:48:54 IST" duration-ms="12120" status="PASS">
          <params>
            <param index="0">
              <value>
                <![CDATA[public void com.hrm.testcases.LoginTest.validateLogin()]]>
              </value>
            </param>
          </params>
          <reporter-output>
          </reporter-output>
        </test-method> <!-- beforeMethod -->
        <test-method signature="validateLogin()[pri:0, instance:com.hrm.testcases.LoginTest@623e088f]" started-at="2024-08-07T07:48:54 IST" name="validateLogin" finished-at="2024-08-07T07:48:54 IST" duration-ms="65" status="PASS">
          <reporter-output>
          </reporter-output>
        </test-method> <!-- validateLogin -->
        <test-method is-config="true" signature="afterMethod()[pri:0, instance:com.hrm.testcases.LoginTest@623e088f]" started-at="2024-08-07T07:48:54 IST" name="afterMethod" finished-at="2024-08-07T07:48:55 IST" duration-ms="963" status="PASS">
          <reporter-output>
          </reporter-output>
        </test-method> <!-- afterMethod -->
        <test-method is-config="true" signature="afterSuite()[pri:0, instance:com.hrm.testcases.LoginTest@623e088f]" started-at="2024-08-07T07:48:55 IST" name="afterSuite" finished-at="2024-08-07T07:48:55 IST" duration-ms="0" status="PASS">
          <reporter-output>
          </reporter-output>
        </test-method> <!-- afterSuite -->
      </class> <!-- com.hrm.testcases.LoginTest -->
    </test> <!-- Default test -->
  </suite> <!-- Default suite -->
</testng-results>
